<?xml version="1.0" encoding="UTF-8" ?>
<testsuite tests="5" failures="0" name="cucumber.Options.TestRunner" time="22.767" errors="0" skipped="0">
  <properties>
[...]
</properties>
  <testcase classname="Validating Place API&apos;s" name="Verify if Place is being Sucssesfully added using AddPlaceAPI #1" time="10.324"/>
  <testcase classname="Validating Place API&apos;s" name="Verify if Place is being Sucssesfully added using AddPlaceAPI #2" time="2.526"/>
  <testcase classname="Validating Place API&apos;s" name="Verify if Place is being Sucssesfully added using AddPlaceAPI #3" time="4.801"/>
  <testcase classname="Validating Place API&apos;s" name="Verify if Place is being Sucssesfully added using AddPlaceAPI #4" time="2.729"/>
  <testcase classname="Validating Place API&apos;s" name="Verify if Delete API fucntionality is working as expected" time="2.387"/>
</testsuite>